Microsoft (R) Macro Assembler Version 6.14.8444		    03/20/18 12:18:26
MASMLab							     Page 1 - 1


				Page 58,132
				Title MASMLab
				;************************
				;* *
				;* MASM Hello *
				;* *
				;************************

 0000				cseg segment 'code'
				assume cs:cseg, ds:cseg, ss:cseg, es:cseg

						org 100h

 0100  C6 06 020E R 30		start:		mov [Num_msg],30h		;Ready byte pointer at ASCII '0'
 0105  B9 000A					mov cx,10			;Only wish to display 10 characters
 0108  B4 09					mov ah,9			;Ready INT 21 to write string
 010A  BA 0212 R		 		mov dx, offset Title_msg	;Ready title adress for INT 21
 010D  CD 21					int 21h				;Display "Andrew Robertson" with new line

 010F  BA 0200 R		again: 		mov dx, offset Hello		;Ready string adress for INT 21
 0112  CD 21					int 21h				;Display "Hello World" with space and no new line
 0114  BA 020E R				mov dx, offset Num_msg		;Ready new string adress
 0117  CD 21					int 21h				;Display again, this time with ASCII character and n
				ew line
 0119  FE 06 020E R				inc byte ptr Num_msg		;Set the ASCII designation to the next chaacter
 011D  E0 F0					loopne again			;Continue to display characters until counter is zer
				o

 011F  B4 4C			done: 		mov ah, 4ch			;Ready to end program
 0121  CD 21					int 21h				;End program

						org 200h

 0200 48 65 6C 6C 6F 20		Hello 		db "Hello World", 20h, 20h, "$"
       57 6F 72 6C 64 20
       20 24
 020E 30 0D 0A 24		Num_msg 	db 30h,13,10, 36
 0212 41 6E 64 72 65 77		Title_msg	db "Andrew Robertson", 13, 10, 36 
       20 52 6F 62 65 72
       74 73 6F 6E 0D 0A
       24

 0225				cseg ends
				end start
Microsoft (R) Macro Assembler Version 6.14.8444		    03/20/18 12:18:26
MASMLab							     Symbols 2 - 1




Segments and Groups:

                N a m e                 Size     Length   Align   Combine Class

cseg . . . . . . . . . . . . . .	16 Bit	 0225	  Para	  Private 'CODE'	
Microsoft (R) Macro Assembler Version 6.14.8444		    03/20/18 12:18:26
MASMLab							     Symbols 3 - 1




Symbols:

                N a m e                 Type     Value    Attr

Hello  . . . . . . . . . . . . .	Byte	 0200	  cseg	
Num_msg  . . . . . . . . . . . .	Byte	 020E	  cseg	
Title_msg  . . . . . . . . . . .	Byte	 0212	  cseg	
again  . . . . . . . . . . . . .	L Near	 010F	  cseg	
done . . . . . . . . . . . . . .	L Near	 011F	  cseg	
start  . . . . . . . . . . . . .	L Near	 0100	  cseg	

	   0 Warnings
	   0 Errors
