Microsoft (R) Macro Assembler Version 6.14.8444		    03/19/18 19:18:09
MASMLab							     Page 1 - 1


				Page 58,132
				Title MASMLab
				;************************
				;* *
				;* MASM Hello *
				;* *
				;************************

 0000				cseg segment 'code'
				assume cs:cseg, ds:cseg, ss:cseg, es:cseg

						org 100h

 0100  B9 000A			start: 		mov cx,10
 0103  B4 09			mov ah,9

 0105  BA 0200 R		again: 		mov dx, offset Hello
 0108  CD 21					int 21h
 010A  BA 020E R				mov dx, offset Num_msg
 010D  CD 21					int 21h
 010F  FE 06 020E R		inc byte ptr Num_msg
 0113  E0 F0			loopne again

 0115  B4 4C			done: 		mov ah, 4ch
 0117  CD 21			int 21h

				org 200h

 0200 48 65 6C 6C 6F 20		Hello 		db "Hello World", 20h, 20h, "$"
       57 6F 72 6C 64 20
       20 24
 020E 30 0D 0A 24		Num_msg 	db 30h,13,10, 36

 0212				cseg ends
				end start
Microsoft (R) Macro Assembler Version 6.14.8444		    03/19/18 19:18:09
MASMLab							     Symbols 2 - 1




Segments and Groups:

                N a m e                 Size     Length   Align   Combine Class

cseg . . . . . . . . . . . . . .	16 Bit	 0212	  Para	  Private 'CODE'	
Microsoft (R) Macro Assembler Version 6.14.8444		    03/19/18 19:18:09
MASMLab							     Symbols 3 - 1




Symbols:

                N a m e                 Type     Value    Attr

Hello  . . . . . . . . . . . . .	Byte	 0200	  cseg	
Num_msg  . . . . . . . . . . . .	Byte	 020E	  cseg	
again  . . . . . . . . . . . . .	L Near	 0105	  cseg	
done . . . . . . . . . . . . . .	L Near	 0115	  cseg	
start  . . . . . . . . . . . . .	L Near	 0100	  cseg	

	   0 Warnings
	   0 Errors
